Building DAG of jobs...
Using shell: /usr/bin/bash
Provided cores: 1 (use --cores to define parallelism)
Rules claiming more threads will be scaled down.
Job stats:
job           count
----------  -------
all               1
plot_quals        1
total             2

Select jobs to execute...
Execute 1 jobs...

[Mon Feb 26 23:34:51 2024]
localrule plot_quals:
    input: calls/all.vcf
    output: plots/quals.svg
    jobid: 1
    reason: Missing output files: plots/quals.svg
    resources: tmpdir=/tmp

[Mon Feb 26 23:34:52 2024]
Finished job 1.
1 of 2 steps (50%) done
Select jobs to execute...
Execute 1 jobs...

[Mon Feb 26 23:34:52 2024]
localrule all:
    input: plots/quals.svg
    jobid: 0
    reason: Input files updated by another job: plots/quals.svg
    resources: tmpdir=/tmp

[Mon Feb 26 23:34:52 2024]
Finished job 0.
2 of 2 steps (100%) done
Complete log: .snakemake/log/2024-02-26T233451.741766.snakemake.log
