Building DAG of jobs...
Using shell: /usr/bin/bash
Provided cores: 1 (use --cores to define parallelism)
Rules claiming more threads will be scaled down.
Job stats:
job               count
--------------  -------
all                   1
bcftools_call         1
bwa_map               2
plot_quals            1
samtools_index        2
samtools_sort         2
total                 9

Select jobs to execute...
Execute 1 jobs...

[Mon Feb 26 22:58:19 2024]
localrule bwa_map:
    input: data/genome.fa, data/samples/B.fastq
    output: mapped_reads/B.bam
    jobid: 6
    reason: Missing output files: mapped_reads/B.bam
    wildcards: sample=B
    resources: tmpdir=/tmp

[Mon Feb 26 22:58:21 2024]
Finished job 6.
1 of 9 steps (11%) done
Select jobs to execute...
Execute 1 jobs...

[Mon Feb 26 22:58:21 2024]
localrule bwa_map:
    input: data/genome.fa, data/samples/A.fastq
    output: mapped_reads/A.bam
    jobid: 4
    reason: Updated input files: data/samples/A.fastq
    wildcards: sample=A
    resources: tmpdir=/tmp

[Mon Feb 26 22:58:22 2024]
Finished job 4.
2 of 9 steps (22%) done
Select jobs to execute...
Execute 1 jobs...

[Mon Feb 26 22:58:22 2024]
localrule samtools_sort:
    input: mapped_reads/B.bam
    output: sorted_reads/B.bam
    jobid: 5
    reason: Missing output files: sorted_reads/B.bam; Input files updated by another job: mapped_reads/B.bam
    wildcards: sample=B
    resources: tmpdir=/tmp

[Mon Feb 26 22:58:22 2024]
Finished job 5.
3 of 9 steps (33%) done
Select jobs to execute...
Execute 1 jobs...

[Mon Feb 26 22:58:22 2024]
localrule samtools_sort:
    input: mapped_reads/A.bam
    output: sorted_reads/A.bam
    jobid: 3
    reason: Missing output files: sorted_reads/A.bam; Input files updated by another job: mapped_reads/A.bam
    wildcards: sample=A
    resources: tmpdir=/tmp

[Mon Feb 26 22:58:23 2024]
Finished job 3.
4 of 9 steps (44%) done
Select jobs to execute...
Execute 1 jobs...

[Mon Feb 26 22:58:23 2024]
localrule samtools_index:
    input: sorted_reads/A.bam
    output: sorted_reads/A.bam.bai
    jobid: 7
    reason: Missing output files: sorted_reads/A.bam.bai; Input files updated by another job: sorted_reads/A.bam
    wildcards: sample=A
    resources: tmpdir=/tmp

[Mon Feb 26 22:58:23 2024]
Finished job 7.
5 of 9 steps (56%) done
Select jobs to execute...
Execute 1 jobs...

[Mon Feb 26 22:58:23 2024]
localrule samtools_index:
    input: sorted_reads/B.bam
    output: sorted_reads/B.bam.bai
    jobid: 8
    reason: Missing output files: sorted_reads/B.bam.bai; Input files updated by another job: sorted_reads/B.bam
    wildcards: sample=B
    resources: tmpdir=/tmp

[Mon Feb 26 22:58:23 2024]
Finished job 8.
6 of 9 steps (67%) done
Select jobs to execute...
Execute 1 jobs...

[Mon Feb 26 22:58:23 2024]
localrule bcftools_call:
    input: data/genome.fa, sorted_reads/A.bam, sorted_reads/B.bam, sorted_reads/A.bam.bai, sorted_reads/B.bam.bai
    output: calls/all.vcf
    jobid: 2
    reason: Missing output files: calls/all.vcf; Input files updated by another job: sorted_reads/B.bam, sorted_reads/A.bam, sorted_reads/B.bam.bai, sorted_reads/A.bam.bai
    resources: tmpdir=/tmp

[Mon Feb 26 22:58:23 2024]
Finished job 2.
7 of 9 steps (78%) done
Select jobs to execute...
Execute 1 jobs...

[Mon Feb 26 22:58:23 2024]
localrule plot_quals:
    input: calls/all.vcf
    output: plots/quals.svg
    jobid: 1
    reason: Missing output files: plots/quals.svg; Input files updated by another job: calls/all.vcf
    resources: tmpdir=/tmp

RuleException:
WorkflowError in file /home/ignasram/Desktop/snakemake-tutorial/Snakefile, line 56:
Failed to open source file /home/ignasram/Desktop/snakemake-tutorial/scripts/plot-quals.py
FileNotFoundError: [Errno 2] No such file or directory: '/home/ignasram/Desktop/snakemake-tutorial/scripts/plot-quals.py'
[Mon Feb 26 22:58:23 2024]
Error in rule plot_quals:
    jobid: 1
    input: calls/all.vcf
    output: plots/quals.svg

Shutting down, this might take some time.
Exiting because a job execution failed. Look above for error message
Complete log: .snakemake/log/2024-02-26T225819.804860.snakemake.log
WorkflowError:
At least one job did not complete successfully.
